#! /usr/bin/vvp
:ivl_version "10.3 (stable)";
:ivl_delay_selection "TYPICAL";
:vpi_time_precision - 12;
:vpi_module "system";
:vpi_module "vhdl_sys";
:vpi_module "v2005_math";
:vpi_module "va_math";
S_0x559d08017080 .scope module, "tb_Multiplicador" "tb_Multiplicador" 2 3;
 .timescale -9 -12;
v0x559d08043790_0 .var "Clock", 0 0;
v0x559d08043960_0 .var "Multiplicador", 7 0;
v0x559d08043a20_0 .var "Multiplicando", 7 0;
v0x559d08043ac0_0 .net "Producto", 16 0, L_0x559d08044f90;  1 drivers
v0x559d08043bd0_0 .net "Ready", 0 0, L_0x559d08044660;  1 drivers
v0x559d08043d10_0 .var "Reset", 0 0;
v0x559d08043db0_0 .var "Start", 0 0;
S_0x559d0801bb30 .scope module, "DUT" "Multiplicador_KCA_MMP" 2 15, 3 4 0, S_0x559d08017080;
 .timescale -9 -12;
    .port_info 0 /INPUT 1 "Start"
    .port_info 1 /INPUT 1 "Clock"
    .port_info 2 /INPUT 1 "Reset"
    .port_info 3 /INPUT 8 "Multiplicando"
    .port_info 4 /INPUT 8 "Multiplicador"
    .port_info 5 /OUTPUT 17 "Producto"
    .port_info 6 /OUTPUT 1 "Ready"
v0x559d08042a00_0 .net "Add_regs", 0 0, L_0x559d080447e0;  1 drivers
v0x559d08042ac0_0 .net "Clock", 0 0, v0x559d08043790_0;  1 drivers
v0x559d08042b80_0 .net "Decr_P", 0 0, L_0x559d08044700;  1 drivers
v0x559d08042c70_0 .net "Load_regs", 0 0, L_0x559d08044970;  1 drivers
v0x559d08042d60_0 .net "Multiplicador", 7 0, v0x559d08043960_0;  1 drivers
v0x559d08042ea0_0 .net "Multiplicando", 7 0, v0x559d08043a20_0;  1 drivers
v0x559d08042f90_0 .net "Producto", 16 0, L_0x559d08044f90;  alias, 1 drivers
v0x559d08043050_0 .net "Q0", 0 0, L_0x559d080450c0;  1 drivers
v0x559d08043140_0 .net "Ready", 0 0, L_0x559d08044660;  alias, 1 drivers
v0x559d08043270_0 .net "Reset", 0 0, v0x559d08043d10_0;  1 drivers
v0x559d08043310_0 .net "Shift_regs", 0 0, L_0x559d08044880;  1 drivers
v0x559d08043400_0 .net "Start", 0 0, v0x559d08043db0_0;  1 drivers
v0x559d080434a0_0 .net "Zero", 0 0, v0x559d08042740_0;  1 drivers
v0x559d08043590_0 .net "salida5", 0 0, L_0x559d080445c0;  1 drivers
v0x559d08043630_0 .net "salida6", 0 0, L_0x559d080444d0;  1 drivers
v0x559d080436d0_0 .net "salida7", 0 0, L_0x559d080443e0;  1 drivers
S_0x559d0801af50 .scope module, "TheController" "Controlador" 3 25, 4 60 0, S_0x559d0801bb30;
 .timescale -9 -12;
    .port_info 0 /INPUT 1 "clk"
    .port_info 1 /INPUT 1 "rst"
    .port_info 2 /INPUT 1 "Start"
    .port_info 3 /INPUT 1 "Q0"
    .port_info 4 /INPUT 1 "Zero"
    .port_info 5 /INPUT 1 "Condicion4"
    .port_info 6 /INPUT 1 "Condicion5"
    .port_info 7 /INPUT 1 "Condicion6"
    .port_info 8 /OUTPUT 1 "Load_regs"
    .port_info 9 /OUTPUT 1 "Shift_regs"
    .port_info 10 /OUTPUT 1 "Add_regs"
    .port_info 11 /OUTPUT 1 "Decr_P"
    .port_info 12 /OUTPUT 1 "ready"
    .port_info 13 /OUTPUT 1 "salida5"
    .port_info 14 /OUTPUT 1 "salida6"
    .port_info 15 /OUTPUT 1 "salida7"
P_0x559d08018e80 .param/l "ANCHO_CONTADOR" 0 4 79, +C4<00000000000000000000000000001000>;
P_0x559d08018ec0 .param/l "ANCHO_MEMORIA" 0 4 81, +C4<00000000000000000000000000000010100>;
P_0x559d08018f00 .param/l "BITS_SELECCION_SALTO" 0 4 80, +C4<00000000000000000000000000000011>;
v0x559d0803ac40_0 .net "Add_regs", 0 0, L_0x559d080447e0;  alias, 1 drivers
L_0x7f93211660f0 .functor BUFT 1, C4<0>, C4<0>, C4<0>, C4<0>;
v0x559d0803ad00_0 .net "Condicion4", 0 0, L_0x7f93211660f0;  1 drivers
L_0x7f9321166138 .functor BUFT 1, C4<0>, C4<0>, C4<0>, C4<0>;
v0x559d0803adc0_0 .net "Condicion5", 0 0, L_0x7f9321166138;  1 drivers
L_0x7f9321166180 .functor BUFT 1, C4<0>, C4<0>, C4<0>, C4<0>;
v0x559d0803ae60_0 .net "Condicion6", 0 0, L_0x7f9321166180;  1 drivers
v0x559d0803af20_0 .net "Cuenta_Direccion_Memoria", 7 0, v0x559d0803a130_0;  1 drivers
v0x559d0803b080_0 .net "Decr_P", 0 0, L_0x559d08044700;  alias, 1 drivers
v0x559d0803b140_0 .net "Direccion_Salto", 7 0, L_0x559d080442a0;  1 drivers
v0x559d0803b200_0 .net "Load_regs", 0 0, L_0x559d08044970;  alias, 1 drivers
v0x559d0803b2a0_0 .net "Q0", 0 0, L_0x559d080450c0;  alias, 1 drivers
v0x559d0803b360_0 .net "Seleccion_De_Condicion_Salto", 2 0, L_0x559d08044b10;  1 drivers
v0x559d0803b420_0 .net "Senal_De_Carga_Contador", 0 0, v0x559d080169b0_0;  1 drivers
v0x559d0803b4c0_0 .net "Shift_regs", 0 0, L_0x559d08044880;  alias, 1 drivers
v0x559d0803b560_0 .net "Start", 0 0, v0x559d08043db0_0;  alias, 1 drivers
v0x559d0803b620_0 .net "Zero", 0 0, v0x559d08042740_0;  alias, 1 drivers
L_0x7f9321166060 .functor BUFT 1, C4<1>, C4<0>, C4<0>, C4<0>;
v0x559d0803b6e0_0 .net/2u *"_s12", 0 0, L_0x7f9321166060;  1 drivers
L_0x7f93211660a8 .functor BUFT 1, C4<0>, C4<0>, C4<0>, C4<0>;
v0x559d0803b7c0_0 .net/2u *"_s14", 0 0, L_0x7f93211660a8;  1 drivers
v0x559d0803b8a0_0 .net "clk", 0 0, v0x559d08043790_0;  alias, 1 drivers
v0x559d0803b940_0 .net "ready", 0 0, L_0x559d08044660;  alias, 1 drivers
v0x559d0803b9e0_0 .net "rst", 0 0, v0x559d08043d10_0;  alias, 1 drivers
v0x559d0803bab0_0 .net "salida5", 0 0, L_0x559d080445c0;  alias, 1 drivers
v0x559d0803bb50_0 .net "salida6", 0 0, L_0x559d080444d0;  alias, 1 drivers
v0x559d0803bc10_0 .net "salida7", 0 0, L_0x559d080443e0;  alias, 1 drivers
v0x559d0803bcd0_0 .net "tmp0", 0 0, L_0x559d08044a10;  1 drivers
L_0x559d080442a0 .part L_0x559d08005bd0, 12, 8;
L_0x559d080443e0 .part L_0x559d08005bd0, 11, 1;
L_0x559d080444d0 .part L_0x559d08005bd0, 10, 1;
L_0x559d080445c0 .part L_0x559d08005bd0, 9, 1;
L_0x559d08044660 .part L_0x559d08005bd0, 8, 1;
L_0x559d08044700 .part L_0x559d08005bd0, 7, 1;
L_0x559d080447e0 .part L_0x559d08005bd0, 6, 1;
L_0x559d08044880 .part L_0x559d08005bd0, 5, 1;
L_0x559d08044970 .part L_0x559d08005bd0, 4, 1;
L_0x559d08044a10 .part L_0x559d08005bd0, 3, 1;
L_0x559d08044b10 .part L_0x559d08005bd0, 0, 3;
LS_0x559d08044bb0_0_0 .concat [ 1 1 1 1], L_0x7f93211660a8, v0x559d08043db0_0, L_0x559d080450c0, v0x559d08042740_0;
LS_0x559d08044bb0_0_4 .concat [ 1 1 1 1], L_0x7f93211660f0, L_0x7f9321166138, L_0x7f9321166180, L_0x7f9321166060;
L_0x559d08044bb0 .concat [ 4 4 0 0], LS_0x559d08044bb0_0_0, LS_0x559d08044bb0_0_4;
S_0x559d0801b240 .scope module, "MUX" "MuxCondiciones" 4 116, 4 6 0, S_0x559d0801af50;
 .timescale -9 -12;
    .port_info 0 /INPUT 3 "sel"
    .port_info 1 /INPUT 8 "in_bits"
    .port_info 2 /OUTPUT 1 "out"
P_0x559d0800a620 .param/l "SEL_BITS" 0 4 6, +C4<00000000000000000000000000000011>;
v0x559d0801db50_0 .net "in_bits", 7 0, L_0x559d08044bb0;  1 drivers
v0x559d080169b0_0 .var "out", 0 0;
v0x559d0801a700_0 .net "sel", 2 0, L_0x559d08044b10;  alias, 1 drivers
E_0x559d07ff78e0 .event edge, v0x559d0801a700_0, v0x559d0801db50_0;
S_0x559d08039ba0 .scope module, "Uconta" "CounterWithLoad" 4 91, 4 19 0, S_0x559d0801af50;
 .timescale -9 -12;
    .port_info 0 /INPUT 1 "clk"
    .port_info 1 /INPUT 1 "rst"
    .port_info 2 /INPUT 1 "LD_C"
    .port_info 3 /INPUT 8 "CuentaEntrada"
    .port_info 4 /OUTPUT 8 "cuenta"
P_0x559d08039d70 .param/l "ANCHO" 0 4 19, +C4<00000000000000000000000000001000>;
v0x559d08018670_0 .net "CuentaEntrada", 7 0, L_0x559d080442a0;  alias, 1 drivers
v0x559d08039f70_0 .net "LD_C", 0 0, v0x559d080169b0_0;  alias, 1 drivers
v0x559d0803a060_0 .net "clk", 0 0, v0x559d08043790_0;  alias, 1 drivers
v0x559d0803a130_0 .var "cuenta", 7 0;
v0x559d0803a1d0_0 .net "rst", 0 0, v0x559d08043d10_0;  alias, 1 drivers
E_0x559d07ff7ae0 .event posedge, v0x559d0803a060_0;
S_0x559d0803a380 .scope module, "Umem" "SimpleRom" 4 99, 4 40 0, S_0x559d0801af50;
 .timescale -9 -12;
    .port_info 0 /INPUT 8 "A"
    .port_info 1 /OUTPUT 20 "Do"
P_0x559d08017940 .param/l "ANCHO" 0 4 40, +C4<00000000000000000000000000000010100>;
P_0x559d08017980 .param/l "ANCHO_DIR" 0 4 40, +C4<00000000000000000000000000001000>;
L_0x559d08005bd0/d .functor BUFZ 20, L_0x559d08043ea0, C4<00000000000000000000>, C4<00000000000000000000>, C4<00000000000000000000>;
L_0x559d08005bd0 .delay 20 (5000,5000,5000) L_0x559d08005bd0/d;
v0x559d0803a5a0_0 .net "A", 7 0, v0x559d0803a130_0;  alias, 1 drivers
v0x559d0803a760_0 .net "Do", 19 0, L_0x559d08005bd0;  1 drivers
v0x559d0803a820 .array "MATRIX", 255 0, 19 0;
v0x559d0803a8f0_0 .net *"_s0", 19 0, L_0x559d08043ea0;  1 drivers
v0x559d0803a9d0_0 .net *"_s2", 9 0, L_0x559d08043f60;  1 drivers
L_0x7f9321166018 .functor BUFT 1, C4<00>, C4<0>, C4<0>, C4<0>;
v0x559d0803ab00_0 .net *"_s5", 1 0, L_0x7f9321166018;  1 drivers
L_0x559d08043ea0 .array/port v0x559d0803a820, L_0x559d08043f60;
L_0x559d08043f60 .concat [ 8 2 0 0], v0x559d0803a130_0, L_0x7f9321166018;
S_0x559d0803bf90 .scope module, "TheDatapath" "Datapath" 3 45, 5 3 0, S_0x559d0801bb30;
 .timescale -9 -12;
    .port_info 0 /INPUT 1 "clk"
    .port_info 1 /INPUT 1 "Load_regs"
    .port_info 2 /INPUT 1 "Shift_regs"
    .port_info 3 /INPUT 1 "Add_regs"
    .port_info 4 /INPUT 1 "Decr_P"
    .port_info 5 /INPUT 8 "Multiplicando"
    .port_info 6 /INPUT 8 "Multiplicador"
    .port_info 7 /OUTPUT 17 "Producto"
    .port_info 8 /OUTPUT 1 "Zero"
    .port_info 9 /OUTPUT 1 "Q_Cero"
P_0x559d0803c180 .param/l "ANCHO" 0 5 3, +C4<00000000000000000000000000001000>;
v0x559d08041a70_0 .net "Add_regs", 0 0, L_0x559d080447e0;  alias, 1 drivers
v0x559d08041b60_0 .net "Contador", 3 0, v0x559d0803f750_0;  1 drivers
v0x559d08041c30_0 .var "Control", 3 0;
v0x559d08041d00_0 .net "Decr_P", 0 0, L_0x559d08044700;  alias, 1 drivers
v0x559d08041dd0_0 .net "Load_regs", 0 0, L_0x559d08044970;  alias, 1 drivers
v0x559d08041e70_0 .net "Multiplicador", 7 0, v0x559d08043960_0;  alias, 1 drivers
v0x559d08041f40_0 .net "Multiplicando", 7 0, v0x559d08043a20_0;  alias, 1 drivers
v0x559d08042010_0 .net "OUT_REGA_IN_SUMA", 7 0, v0x559d0803d1b0_0;  1 drivers
v0x559d08042100_0 .net "OUT_REGB_IN_SUMA", 7 0, v0x559d0803e4a0_0;  1 drivers
v0x559d08042230_0 .net "OUT_REGQ", 7 0, v0x559d08040a90_0;  1 drivers
v0x559d08042320_0 .net "OUT_SUMADOR_IN_REGA", 7 0, v0x559d08041800_0;  1 drivers
v0x559d08042430_0 .net "Producto", 16 0, L_0x559d08044f90;  alias, 1 drivers
v0x559d08042510_0 .net "Q_Cero", 0 0, L_0x559d080450c0;  alias, 1 drivers
v0x559d080425b0_0 .net "Shift_regs", 0 0, L_0x559d08044880;  alias, 1 drivers
v0x559d08042650_0 .net "Suma_MSB", 0 0, v0x559d08041710_0;  1 drivers
v0x559d08042740_0 .var "Zero", 0 0;
v0x559d080427e0_0 .net "clk", 0 0, v0x559d08043790_0;  alias, 1 drivers
o0x7f93211afb58 .functor BUFZ 1, C4<z>; HiZ drive
v0x559d08042880_0 .net "rst", 0 0, o0x7f93211afb58;  0 drivers
E_0x559d0801de60 .event edge, v0x559d0803f750_0;
E_0x559d0801e270 .event edge, v0x559d0803ac40_0, v0x559d0803b4c0_0, v0x559d0803b080_0, v0x559d0803b200_0;
L_0x559d08044ef0 .part v0x559d0803d1b0_0, 0, 1;
L_0x559d08044f90 .concat [ 8 8 1 0], v0x559d08040a90_0, v0x559d0803d1b0_0, v0x559d08041710_0;
L_0x559d080450c0 .part v0x559d08040a90_0, 0, 1;
S_0x559d0803c3a0 .scope module, "REGISTRO_A" "RegistroUniversal" 5 34, 6 3 0, S_0x559d0803bf90;
 .timescale -9 -12;
    .port_info 0 /INPUT 1 "clk"
    .port_info 1 /INPUT 1 "rst"
    .port_info 2 /INPUT 4 "Control"
    .port_info 3 /INPUT 1 "InHaciaDerecha"
    .port_info 4 /INPUT 8 "ResultadoSuma"
    .port_info 5 /INPUT 8 "EntradaParalela"
    .port_info 6 /OUTPUT 8 "Salida"
P_0x559d0803c590 .param/l "ANCHO" 0 6 3, +C4<00000000000000000000000000001000>;
P_0x559d0803c5d0 .param/l "Add_regs" 0 6 13, C4<1000>;
P_0x559d0803c610 .param/l "Decr_P" 0 6 14, C4<0010>;
P_0x559d0803c650 .param/l "Load_regs" 0 6 14, C4<0001>;
P_0x559d0803c690 .param/l "Memoria" 0 6 12, C4<0000>;
P_0x559d0803c6d0 .param/l "Shift_regs" 0 6 13, C4<0100>;
v0x559d0803ce20_0 .net "Control", 3 0, v0x559d08041c30_0;  1 drivers
L_0x7f9321166210 .functor BUFT 1, C4<00000000>, C4<0>, C4<0>, C4<0>;
v0x559d0803cf20_0 .net "EntradaParalela", 7 0, L_0x7f9321166210;  1 drivers
v0x559d0803d000_0 .net "InHaciaDerecha", 0 0, v0x559d08041710_0;  alias, 1 drivers
v0x559d0803d0d0_0 .net "ResultadoSuma", 7 0, v0x559d08041800_0;  alias, 1 drivers
v0x559d0803d1b0_0 .var "Salida", 7 0;
v0x559d0803d2e0_0 .net "clk", 0 0, v0x559d08043790_0;  alias, 1 drivers
v0x559d0803d3d0_0 .var "next_state", 7 0;
v0x559d0803d4b0_0 .net "rst", 0 0, o0x7f93211afb58;  alias, 0 drivers
v0x559d0803d570_0 .var "state", 7 0;
E_0x559d0803cae0 .event edge, v0x559d0803d570_0;
E_0x559d0803cb40 .event negedge, v0x559d0803a060_0;
S_0x559d0803cba0 .scope generate, "genblk1" "genblk1" 6 22, 6 22 0, S_0x559d0803c3a0;
 .timescale -9 -12;
E_0x559d0803cd90/0 .event edge, v0x559d0803ce20_0, v0x559d0803d570_0, v0x559d0803d0d0_0, v0x559d0803d000_0;
E_0x559d0803cd90/1 .event edge, v0x559d0803cf20_0;
E_0x559d0803cd90 .event/or E_0x559d0803cd90/0, E_0x559d0803cd90/1;
S_0x559d0803d770 .scope module, "REGISTRO_B" "RegistroUniversal" 5 54, 6 3 0, S_0x559d0803bf90;
 .timescale -9 -12;
    .port_info 0 /INPUT 1 "clk"
    .port_info 1 /INPUT 1 "rst"
    .port_info 2 /INPUT 4 "Control"
    .port_info 3 /INPUT 1 "InHaciaDerecha"
    .port_info 4 /INPUT 8 "ResultadoSuma"
    .port_info 5 /INPUT 8 "EntradaParalela"
    .port_info 6 /OUTPUT 8 "Salida"
P_0x559d0803d910 .param/l "ANCHO" 0 6 3, +C4<00000000000000000000000000001000>;
P_0x559d0803d950 .param/l "Add_regs" 0 6 13, C4<1000>;
P_0x559d0803d990 .param/l "Decr_P" 0 6 14, C4<0010>;
P_0x559d0803d9d0 .param/l "Load_regs" 0 6 14, C4<0001>;
P_0x559d0803da10 .param/l "Memoria" 0 6 12, C4<0000>;
P_0x559d0803da50 .param/l "Shift_regs" 0 6 13, C4<0100>;
L_0x7f9321166258 .functor BUFT 1, C4<0001>, C4<0>, C4<0>, C4<0>;
v0x559d0803e140_0 .net "Control", 3 0, L_0x7f9321166258;  1 drivers
v0x559d0803e240_0 .net "EntradaParalela", 7 0, v0x559d08043a20_0;  alias, 1 drivers
L_0x7f93211662a0 .functor BUFT 1, C4<0>, C4<0>, C4<0>, C4<0>;
v0x559d0803e320_0 .net "InHaciaDerecha", 0 0, L_0x7f93211662a0;  1 drivers
L_0x7f93211662e8 .functor BUFT 1, C4<00000000>, C4<0>, C4<0>, C4<0>;
v0x559d0803e3c0_0 .net "ResultadoSuma", 7 0, L_0x7f93211662e8;  1 drivers
v0x559d0803e4a0_0 .var "Salida", 7 0;
v0x559d0803e5d0_0 .net "clk", 0 0, v0x559d08043790_0;  alias, 1 drivers
v0x559d0803e670_0 .var "next_state", 7 0;
v0x559d0803e750_0 .net "rst", 0 0, o0x7f93211afb58;  alias, 0 drivers
v0x559d0803e7f0_0 .var "state", 7 0;
E_0x559d0803de60 .event edge, v0x559d0803e7f0_0;
S_0x559d0803dec0 .scope generate, "genblk1" "genblk1" 6 22, 6 22 0, S_0x559d0803d770;
 .timescale -9 -12;
E_0x559d0803e0b0/0 .event edge, v0x559d0803e140_0, v0x559d0803e7f0_0, v0x559d0803e3c0_0, v0x559d0803e320_0;
E_0x559d0803e0b0/1 .event edge, v0x559d0803e240_0;
E_0x559d0803e0b0 .event/or E_0x559d0803e0b0/0, E_0x559d0803e0b0/1;
S_0x559d0803e9d0 .scope module, "REGISTRO_P" "RegistroUniversal" 5 64, 6 3 0, S_0x559d0803bf90;
 .timescale -9 -12;
    .port_info 0 /INPUT 1 "clk"
    .port_info 1 /INPUT 1 "rst"
    .port_info 2 /INPUT 4 "Control"
    .port_info 3 /INPUT 1 "InHaciaDerecha"
    .port_info 4 /INPUT 4 "ResultadoSuma"
    .port_info 5 /INPUT 4 "EntradaParalela"
    .port_info 6 /OUTPUT 4 "Salida"
P_0x559d0803eb80 .param/l "ANCHO" 0 6 3, +C4<000000000000000000000000000000100>;
P_0x559d0803ebc0 .param/l "Add_regs" 0 6 13, C4<1000>;
P_0x559d0803ec00 .param/l "Decr_P" 0 6 14, C4<0010>;
P_0x559d0803ec40 .param/l "Load_regs" 0 6 14, C4<0001>;
P_0x559d0803ec80 .param/l "Memoria" 0 6 12, C4<0000>;
P_0x559d0803ecc0 .param/l "Shift_regs" 0 6 13, C4<0100>;
v0x559d0803f3d0_0 .net "Control", 3 0, v0x559d08041c30_0;  alias, 1 drivers
L_0x7f93211663c0 .functor BUFT 1, C4<1000>, C4<0>, C4<0>, C4<0>;
v0x559d0803f4e0_0 .net "EntradaParalela", 3 0, L_0x7f93211663c0;  1 drivers
L_0x7f9321166330 .functor BUFT 1, C4<0>, C4<0>, C4<0>, C4<0>;
v0x559d0803f5a0_0 .net "InHaciaDerecha", 0 0, L_0x7f9321166330;  1 drivers
L_0x7f9321166378 .functor BUFT 1, C4<0000>, C4<0>, C4<0>, C4<0>;
v0x559d0803f670_0 .net "ResultadoSuma", 3 0, L_0x7f9321166378;  1 drivers
v0x559d0803f750_0 .var "Salida", 3 0;
v0x559d0803f880_0 .net "clk", 0 0, v0x559d08043790_0;  alias, 1 drivers
v0x559d0803f920_0 .var "next_state", 3 0;
v0x559d0803fa00_0 .net "rst", 0 0, o0x7f93211afb58;  alias, 0 drivers
v0x559d0803faa0_0 .var "state", 3 0;
E_0x559d0803f100 .event edge, v0x559d0803faa0_0;
S_0x559d0803f160 .scope generate, "genblk2" "genblk2" 6 22, 6 22 0, S_0x559d0803e9d0;
 .timescale -9 -12;
E_0x559d0803f350 .event edge, v0x559d0803ce20_0, v0x559d0803faa0_0, v0x559d0803f4e0_0;
S_0x559d0803fd30 .scope module, "REGISTRO_Q" "RegistroUniversal" 5 44, 6 3 0, S_0x559d0803bf90;
 .timescale -9 -12;
    .port_info 0 /INPUT 1 "clk"
    .port_info 1 /INPUT 1 "rst"
    .port_info 2 /INPUT 4 "Control"
    .port_info 3 /INPUT 1 "InHaciaDerecha"
    .port_info 4 /INPUT 8 "ResultadoSuma"
    .port_info 5 /INPUT 8 "EntradaParalela"
    .port_info 6 /OUTPUT 8 "Salida"
P_0x559d0803feb0 .param/l "ANCHO" 0 6 3, +C4<00000000000000000000000000001000>;
P_0x559d0803fef0 .param/l "Add_regs" 0 6 13, C4<1000>;
P_0x559d0803ff30 .param/l "Decr_P" 0 6 14, C4<0010>;
P_0x559d0803ff70 .param/l "Load_regs" 0 6 14, C4<0001>;
P_0x559d0803ffb0 .param/l "Memoria" 0 6 12, C4<0000>;
P_0x559d0803fff0 .param/l "Shift_regs" 0 6 13, C4<0100>;
v0x559d08040700_0 .net "Control", 3 0, v0x559d08041c30_0;  alias, 1 drivers
v0x559d08040830_0 .net "EntradaParalela", 7 0, v0x559d08043960_0;  alias, 1 drivers
v0x559d08040910_0 .net "InHaciaDerecha", 0 0, L_0x559d08044ef0;  1 drivers
v0x559d080409b0_0 .net "ResultadoSuma", 7 0, v0x559d08040a90_0;  alias, 1 drivers
v0x559d08040a90_0 .var "Salida", 7 0;
v0x559d08040ba0_0 .net "clk", 0 0, v0x559d08043790_0;  alias, 1 drivers
v0x559d08040c40_0 .var "next_state", 7 0;
v0x559d08040d00_0 .net "rst", 0 0, o0x7f93211afb58;  alias, 0 drivers
v0x559d08040da0_0 .var "state", 7 0;
E_0x559d08040420 .event edge, v0x559d08040da0_0;
S_0x559d08040480 .scope generate, "genblk1" "genblk1" 6 22, 6 22 0, S_0x559d0803fd30;
 .timescale -9 -12;
E_0x559d08040670/0 .event edge, v0x559d0803ce20_0, v0x559d08040da0_0, v0x559d080409b0_0, v0x559d08040910_0;
E_0x559d08040670/1 .event edge, v0x559d08040830_0;
E_0x559d08040670 .event/or E_0x559d08040670/0, E_0x559d08040670/1;
S_0x559d08040fa0 .scope module, "SUMA" "Sumador" 5 32, 7 3 0, S_0x559d0803bf90;
 .timescale -9 -12;
    .port_info 0 /INPUT 8 "a"
    .port_info 1 /INPUT 8 "b"
    .port_info 2 /INPUT 1 "cin"
    .port_info 3 /INPUT 4 "Control"
    .port_info 4 /OUTPUT 8 "sum"
    .port_info 5 /OUTPUT 1 "cout"
P_0x559d08041170 .param/l "ANCHO" 0 7 3, +C4<00000000000000000000000000001000>;
v0x559d080413d0_0 .net "Control", 3 0, v0x559d08041c30_0;  alias, 1 drivers
v0x559d080414b0_0 .net "a", 7 0, v0x559d0803d1b0_0;  alias, 1 drivers
v0x559d08041570_0 .net "b", 7 0, v0x559d0803e4a0_0;  alias, 1 drivers
L_0x7f93211661c8 .functor BUFT 1, C4<0>, C4<0>, C4<0>, C4<0>;
v0x559d08041670_0 .net "cin", 0 0, L_0x7f93211661c8;  1 drivers
v0x559d08041710_0 .var "cout", 0 0;
v0x559d08041800_0 .var "sum", 7 0;
v0x559d080418d0_0 .var "sumita", 8 0;
E_0x559d08041340 .event edge, v0x559d0803d1b0_0, v0x559d0803e4a0_0, v0x559d0803ce20_0, v0x559d080418d0_0;
    .scope S_0x559d08039ba0;
T_0 ;
    %wait E_0x559d07ff7ae0;
    %load/vec4 v0x559d0803a1d0_0;
    %nor/r;
    %flag_set/vec4 8;
    %jmp/0xz  T_0.0, 8;
    %pushi/vec4 0, 0, 8;
    %assign/vec4 v0x559d0803a130_0, 0;
    %jmp T_0.1;
T_0.0 ;
    %load/vec4 v0x559d08039f70_0;
    %flag_set/vec4 8;
    %jmp/0xz  T_0.2, 8;
    %load/vec4 v0x559d08018670_0;
    %assign/vec4 v0x559d0803a130_0, 0;
    %jmp T_0.3;
T_0.2 ;
    %load/vec4 v0x559d0803a130_0;
    %addi 1, 0, 8;
    %assign/vec4 v0x559d0803a130_0, 0;
T_0.3 ;
T_0.1 ;
    %jmp T_0;
    .thread T_0;
    .scope S_0x559d0803a380;
T_1 ;
    %vpi_call 4 52 "$readmemh", "rom_content_t.mem", v0x559d0803a820 {0 0 0};
    %end;
    .thread T_1;
    .scope S_0x559d0801b240;
T_2 ;
    %wait E_0x559d07ff78e0;
    %load/vec4 v0x559d0801db50_0;
    %load/vec4 v0x559d0801a700_0;
    %part/u 1;
    %store/vec4 v0x559d080169b0_0, 0, 1;
    %jmp T_2;
    .thread T_2, $push;
    .scope S_0x559d08040fa0;
T_3 ;
    %wait E_0x559d08041340;
    %load/vec4 v0x559d080414b0_0;
    %pad/u 9;
    %load/vec4 v0x559d08041570_0;
    %pad/u 9;
    %add;
    %store/vec4 v0x559d080418d0_0, 0, 9;
    %load/vec4 v0x559d080413d0_0;
    %cmpi/e 8, 0, 4;
    %jmp/0xz  T_3.0, 4;
    %load/vec4 v0x559d080418d0_0;
    %parti/s 8, 0, 2;
    %store/vec4 v0x559d08041800_0, 0, 8;
    %load/vec4 v0x559d080418d0_0;
    %parti/s 1, 8, 5;
    %store/vec4 v0x559d08041710_0, 0, 1;
T_3.0 ;
    %load/vec4 v0x559d080413d0_0;
    %cmpi/e 2, 0, 4;
    %jmp/0xz  T_3.2, 4;
    %pushi/vec4 0, 0, 8;
    %store/vec4 v0x559d08041800_0, 0, 8;
    %pushi/vec4 0, 0, 1;
    %store/vec4 v0x559d08041710_0, 0, 1;
T_3.2 ;
    %jmp T_3;
    .thread T_3, $push;
    .scope S_0x559d0803cba0;
T_4 ;
    %wait E_0x559d0803cd90;
    %load/vec4 v0x559d0803ce20_0;
    %dup/vec4;
    %pushi/vec4 0, 0, 4;
    %cmp/u;
    %jmp/1 T_4.0, 6;
    %dup/vec4;
    %pushi/vec4 8, 0, 4;
    %cmp/u;
    %jmp/1 T_4.1, 6;
    %dup/vec4;
    %pushi/vec4 4, 0, 4;
    %cmp/u;
    %jmp/1 T_4.2, 6;
    %dup/vec4;
    %pushi/vec4 2, 0, 4;
    %cmp/u;
    %jmp/1 T_4.3, 6;
    %dup/vec4;
    %pushi/vec4 1, 0, 4;
    %cmp/u;
    %jmp/1 T_4.4, 6;
    %load/vec4 v0x559d0803d570_0;
    %store/vec4 v0x559d0803d3d0_0, 0, 8;
    %jmp T_4.6;
T_4.0 ;
    %load/vec4 v0x559d0803d570_0;
    %store/vec4 v0x559d0803d3d0_0, 0, 8;
    %jmp T_4.6;
T_4.1 ;
    %load/vec4 v0x559d0803d0d0_0;
    %store/vec4 v0x559d0803d3d0_0, 0, 8;
    %jmp T_4.6;
T_4.2 ;
    %load/vec4 v0x559d0803d000_0;
    %load/vec4 v0x559d0803d570_0;
    %parti/s 7, 1, 2;
    %concat/vec4; draw_concat_vec4
    %store/vec4 v0x559d0803d3d0_0, 0, 8;
    %jmp T_4.6;
T_4.3 ;
    %load/vec4 v0x559d0803d570_0;
    %store/vec4 v0x559d0803d3d0_0, 0, 8;
    %jmp T_4.6;
T_4.4 ;
    %load/vec4 v0x559d0803cf20_0;
    %store/vec4 v0x559d0803d3d0_0, 0, 8;
    %jmp T_4.6;
T_4.6 ;
    %pop/vec4 1;
    %jmp T_4;
    .thread T_4, $push;
    .scope S_0x559d0803c3a0;
T_5 ;
    %wait E_0x559d0803cb40;
    %load/vec4 v0x559d0803d4b0_0;
    %nor/r;
    %flag_set/vec4 8;
    %jmp/0xz  T_5.0, 8;
    %pushi/vec4 0, 0, 8;
    %assign/vec4 v0x559d0803d570_0, 0;
    %jmp T_5.1;
T_5.0 ;
    %load/vec4 v0x559d0803d3d0_0;
    %assign/vec4 v0x559d0803d570_0, 0;
T_5.1 ;
    %jmp T_5;
    .thread T_5;
    .scope S_0x559d0803c3a0;
T_6 ;
    %wait E_0x559d0803cae0;
    %load/vec4 v0x559d0803d570_0;
    %store/vec4 v0x559d0803d1b0_0, 0, 8;
    %jmp T_6;
    .thread T_6, $push;
    .scope S_0x559d08040480;
T_7 ;
    %wait E_0x559d08040670;
    %load/vec4 v0x559d08040700_0;
    %dup/vec4;
    %pushi/vec4 0, 0, 4;
    %cmp/u;
    %jmp/1 T_7.0, 6;
    %dup/vec4;
    %pushi/vec4 8, 0, 4;
    %cmp/u;
    %jmp/1 T_7.1, 6;
    %dup/vec4;
    %pushi/vec4 4, 0, 4;
    %cmp/u;
    %jmp/1 T_7.2, 6;
    %dup/vec4;
    %pushi/vec4 2, 0, 4;
    %cmp/u;
    %jmp/1 T_7.3, 6;
    %dup/vec4;
    %pushi/vec4 1, 0, 4;
    %cmp/u;
    %jmp/1 T_7.4, 6;
    %load/vec4 v0x559d08040da0_0;
    %store/vec4 v0x559d08040c40_0, 0, 8;
    %jmp T_7.6;
T_7.0 ;
    %load/vec4 v0x559d08040da0_0;
    %store/vec4 v0x559d08040c40_0, 0, 8;
    %jmp T_7.6;
T_7.1 ;
    %load/vec4 v0x559d080409b0_0;
    %store/vec4 v0x559d08040c40_0, 0, 8;
    %jmp T_7.6;
T_7.2 ;
    %load/vec4 v0x559d08040910_0;
    %load/vec4 v0x559d08040da0_0;
    %parti/s 7, 1, 2;
    %concat/vec4; draw_concat_vec4
    %store/vec4 v0x559d08040c40_0, 0, 8;
    %jmp T_7.6;
T_7.3 ;
    %load/vec4 v0x559d08040da0_0;
    %store/vec4 v0x559d08040c40_0, 0, 8;
    %jmp T_7.6;
T_7.4 ;
    %load/vec4 v0x559d08040830_0;
    %store/vec4 v0x559d08040c40_0, 0, 8;
    %jmp T_7.6;
T_7.6 ;
    %pop/vec4 1;
    %jmp T_7;
    .thread T_7, $push;
    .scope S_0x559d0803fd30;
T_8 ;
    %wait E_0x559d0803cb40;
    %load/vec4 v0x559d08040d00_0;
    %nor/r;
    %flag_set/vec4 8;
    %jmp/0xz  T_8.0, 8;
    %pushi/vec4 0, 0, 8;
    %assign/vec4 v0x559d08040da0_0, 0;
    %jmp T_8.1;
T_8.0 ;
    %load/vec4 v0x559d08040c40_0;
    %assign/vec4 v0x559d08040da0_0, 0;
T_8.1 ;
    %jmp T_8;
    .thread T_8;
    .scope S_0x559d0803fd30;
T_9 ;
    %wait E_0x559d08040420;
    %load/vec4 v0x559d08040da0_0;
    %store/vec4 v0x559d08040a90_0, 0, 8;
    %jmp T_9;
    .thread T_9, $push;
    .scope S_0x559d0803dec0;
T_10 ;
    %wait E_0x559d0803e0b0;
    %load/vec4 v0x559d0803e140_0;
    %dup/vec4;
    %pushi/vec4 0, 0, 4;
    %cmp/u;
    %jmp/1 T_10.0, 6;
    %dup/vec4;
    %pushi/vec4 8, 0, 4;
    %cmp/u;
    %jmp/1 T_10.1, 6;
    %dup/vec4;
    %pushi/vec4 4, 0, 4;
    %cmp/u;
    %jmp/1 T_10.2, 6;
    %dup/vec4;
    %pushi/vec4 2, 0, 4;
    %cmp/u;
    %jmp/1 T_10.3, 6;
    %dup/vec4;
    %pushi/vec4 1, 0, 4;
    %cmp/u;
    %jmp/1 T_10.4, 6;
    %load/vec4 v0x559d0803e7f0_0;
    %store/vec4 v0x559d0803e670_0, 0, 8;
    %jmp T_10.6;
T_10.0 ;
    %load/vec4 v0x559d0803e7f0_0;
    %store/vec4 v0x559d0803e670_0, 0, 8;
    %jmp T_10.6;
T_10.1 ;
    %load/vec4 v0x559d0803e3c0_0;
    %store/vec4 v0x559d0803e670_0, 0, 8;
    %jmp T_10.6;
T_10.2 ;
    %load/vec4 v0x559d0803e320_0;
    %load/vec4 v0x559d0803e7f0_0;
    %parti/s 7, 1, 2;
    %concat/vec4; draw_concat_vec4
    %store/vec4 v0x559d0803e670_0, 0, 8;
    %jmp T_10.6;
T_10.3 ;
    %load/vec4 v0x559d0803e7f0_0;
    %store/vec4 v0x559d0803e670_0, 0, 8;
    %jmp T_10.6;
T_10.4 ;
    %load/vec4 v0x559d0803e240_0;
    %store/vec4 v0x559d0803e670_0, 0, 8;
    %jmp T_10.6;
T_10.6 ;
    %pop/vec4 1;
    %jmp T_10;
    .thread T_10, $push;
    .scope S_0x559d0803d770;
T_11 ;
    %wait E_0x559d0803cb40;
    %load/vec4 v0x559d0803e750_0;
    %nor/r;
    %flag_set/vec4 8;
    %jmp/0xz  T_11.0, 8;
    %pushi/vec4 0, 0, 8;
    %assign/vec4 v0x559d0803e7f0_0, 0;
    %jmp T_11.1;
T_11.0 ;
    %load/vec4 v0x559d0803e670_0;
    %assign/vec4 v0x559d0803e7f0_0, 0;
T_11.1 ;
    %jmp T_11;
    .thread T_11;
    .scope S_0x559d0803d770;
T_12 ;
    %wait E_0x559d0803de60;
    %load/vec4 v0x559d0803e7f0_0;
    %store/vec4 v0x559d0803e4a0_0, 0, 8;
    %jmp T_12;
    .thread T_12, $push;
    .scope S_0x559d0803f160;
T_13 ;
    %wait E_0x559d0803f350;
    %load/vec4 v0x559d0803f3d0_0;
    %dup/vec4;
    %pushi/vec4 0, 0, 4;
    %cmp/u;
    %jmp/1 T_13.0, 6;
    %dup/vec4;
    %pushi/vec4 8, 0, 4;
    %cmp/u;
    %jmp/1 T_13.1, 6;
    %dup/vec4;
    %pushi/vec4 4, 0, 4;
    %cmp/u;
    %jmp/1 T_13.2, 6;
    %dup/vec4;
    %pushi/vec4 2, 0, 4;
    %cmp/u;
    %jmp/1 T_13.3, 6;
    %dup/vec4;
    %pushi/vec4 1, 0, 4;
    %cmp/u;
    %jmp/1 T_13.4, 6;
    %load/vec4 v0x559d0803faa0_0;
    %store/vec4 v0x559d0803f920_0, 0, 4;
    %jmp T_13.6;
T_13.0 ;
    %load/vec4 v0x559d0803faa0_0;
    %store/vec4 v0x559d0803f920_0, 0, 4;
    %jmp T_13.6;
T_13.1 ;
    %load/vec4 v0x559d0803faa0_0;
    %store/vec4 v0x559d0803f920_0, 0, 4;
    %jmp T_13.6;
T_13.2 ;
    %load/vec4 v0x559d0803faa0_0;
    %store/vec4 v0x559d0803f920_0, 0, 4;
    %jmp T_13.6;
T_13.3 ;
    %load/vec4 v0x559d0803faa0_0;
    %subi 1, 0, 4;
    %store/vec4 v0x559d0803f920_0, 0, 4;
    %jmp T_13.6;
T_13.4 ;
    %load/vec4 v0x559d0803f4e0_0;
    %store/vec4 v0x559d0803f920_0, 0, 4;
    %jmp T_13.6;
T_13.6 ;
    %pop/vec4 1;
    %jmp T_13;
    .thread T_13, $push;
    .scope S_0x559d0803e9d0;
T_14 ;
    %wait E_0x559d0803cb40;
    %load/vec4 v0x559d0803fa00_0;
    %nor/r;
    %flag_set/vec4 8;
    %jmp/0xz  T_14.0, 8;
    %pushi/vec4 0, 0, 4;
    %assign/vec4 v0x559d0803faa0_0, 0;
    %jmp T_14.1;
T_14.0 ;
    %load/vec4 v0x559d0803f920_0;
    %assign/vec4 v0x559d0803faa0_0, 0;
T_14.1 ;
    %jmp T_14;
    .thread T_14;
    .scope S_0x559d0803e9d0;
T_15 ;
    %wait E_0x559d0803f100;
    %load/vec4 v0x559d0803faa0_0;
    %store/vec4 v0x559d0803f750_0, 0, 4;
    %jmp T_15;
    .thread T_15, $push;
    .scope S_0x559d0803bf90;
T_16 ;
    %wait E_0x559d0801e270;
    %load/vec4 v0x559d08041a70_0;
    %load/vec4 v0x559d080425b0_0;
    %concat/vec4; draw_concat_vec4
    %load/vec4 v0x559d08041d00_0;
    %concat/vec4; draw_concat_vec4
    %load/vec4 v0x559d08041dd0_0;
    %concat/vec4; draw_concat_vec4
    %store/vec4 v0x559d08041c30_0, 0, 4;
    %jmp T_16;
    .thread T_16, $push;
    .scope S_0x559d0803bf90;
T_17 ;
    %wait E_0x559d0801de60;
    %load/vec4 v0x559d08041b60_0;
    %cmpi/e 0, 0, 4;
    %jmp/0xz  T_17.0, 4;
    %pushi/vec4 1, 0, 1;
    %store/vec4 v0x559d08042740_0, 0, 1;
    %jmp T_17.1;
T_17.0 ;
    %pushi/vec4 0, 0, 1;
    %store/vec4 v0x559d08042740_0, 0, 1;
T_17.1 ;
    %jmp T_17;
    .thread T_17, $push;
    .scope S_0x559d08017080;
T_18 ;
    %vpi_call 2 23 "$dumpfile", "Multiplicador.vcd" {0 0 0};
    %vpi_call 2 24 "$dumpvars", 32'sb00000000000000000000000000000000, S_0x559d08017080 {0 0 0};
    %end;
    .thread T_18;
    .scope S_0x559d08017080;
T_19 ;
    %pushi/vec4 0, 0, 1;
    %store/vec4 v0x559d08043790_0, 0, 1;
    %end;
    .thread T_19;
    .scope S_0x559d08017080;
T_20 ;
    %delay 5000, 0;
    %load/vec4 v0x559d08043790_0;
    %inv;
    %store/vec4 v0x559d08043790_0, 0, 1;
    %jmp T_20;
    .thread T_20;
    .scope S_0x559d08017080;
T_21 ;
    %pushi/vec4 0, 0, 1;
    %store/vec4 v0x559d08043d10_0, 0, 1;
    %pushi/vec4 0, 0, 1;
    %store/vec4 v0x559d08043db0_0, 0, 1;
    %pushi/vec4 215, 0, 8;
    %store/vec4 v0x559d08043960_0, 0, 8;
    %pushi/vec4 223, 0, 8;
    %store/vec4 v0x559d08043a20_0, 0, 8;
    %wait E_0x559d0803cb40;
    %pushi/vec4 1, 0, 1;
    %store/vec4 v0x559d08043d10_0, 0, 1;
    %delay 10000, 0;
    %pushi/vec4 1, 0, 1;
    %store/vec4 v0x559d08043db0_0, 0, 1;
    %delay 10000, 0;
    %pushi/vec4 0, 0, 1;
    %store/vec4 v0x559d08043db0_0, 0, 1;
    %delay 1000000, 0;
    %pushi/vec4 199, 0, 8;
    %store/vec4 v0x559d08043960_0, 0, 8;
    %pushi/vec4 85, 0, 8;
    %store/vec4 v0x559d08043a20_0, 0, 8;
    %delay 10000, 0;
    %pushi/vec4 1, 0, 1;
    %store/vec4 v0x559d08043db0_0, 0, 1;
    %delay 10000, 0;
    %pushi/vec4 0, 0, 1;
    %store/vec4 v0x559d08043db0_0, 0, 1;
    %delay 1000000, 0;
    %vpi_call 2 57 "$finish" {0 0 0};
    %end;
    .thread T_21;
# The file index is used to find the file name in the following table.
:file_names 8;
    "N/A";
    "<interactive>";
    "tb_Multiplicador.v";
    "Multiplicador.v";
    "Controller.v";
    "Datapath.v";
    "RegistroUniversal.v";
    "Sumador.v";
